
 Ansys Mechanical Enterprise Academic Student      


 *------------------------------------------------------------------*
 |                                                                  |
 |   W E L C O M E   T O   T H E   A N S Y S (R)  P R O G R A M     |
 |                                                                  |
 *------------------------------------------------------------------*




 ***************************************************************
 *         ANSYS MAPDL 2025 R1          LEGAL NOTICES          *
 ***************************************************************
 *                                                             *
 * Copyright 1971-2025 Ansys, Inc.  All rights reserved.       *
 * Unauthorized use, distribution or duplication is            *
 * prohibited.                                                 *
 *                                                             *
 * Ansys is a registered trademark of Ansys, Inc. or its       *
 * subsidiaries in the United States or other countries.       *
 * See the Ansys, Inc. online documentation or the Ansys, Inc. *
 * documentation CD or online help for the complete Legal      *
 * Notice.                                                     *
 *                                                             *
 ***************************************************************
 *                                                             *
 * THIS ANSYS SOFTWARE PRODUCT AND PROGRAM DOCUMENTATION       *
 * INCLUDE TRADE SECRETS AND CONFIDENTIAL AND PROPRIETARY      *
 * PRODUCTS OF ANSYS, INC., ITS SUBSIDIARIES, OR LICENSORS.    *
 * The software products and documentation are furnished by    *
 * Ansys, Inc. or its subsidiaries under a software license    *
 * agreement that contains provisions concerning               *
 * non-disclosure, copying, length and nature of use,          *
 * compliance with exporting laws, warranties, disclaimers,    *
 * limitations of liability, and remedies, and other           *
 * provisions.  The software products and documentation may be *
 * used, disclosed, transferred, or copied only in accordance  *
 * with the terms and conditions of that software license      *
 * agreement.                                                  *
 *                                                             *
 * Ansys, Inc. is a UL registered                              *
 * ISO 9001:2015 company.                                      *
 *                                                             *
 ***************************************************************
 *                                                             *
 * This product is subject to U.S. laws governing export and   *
 * re-export.                                                  *
 *                                                             *
 * For U.S. Government users, except as specifically granted   *
 * by the Ansys, Inc. software license agreement, the use,     *
 * duplication, or disclosure by the United States Government  *
 * is subject to restrictions stated in the Ansys, Inc.        *
 * software license agreement and FAR 12.212 (for non-DOD      *
 * licenses).                                                  *
 *                                                             *
 ***************************************************************

 2025 R1 
     
 Point Releases and Patches installed:   
     
 Ansys Service Pack 2025 R1.2008101556   
 Ansys Dynamic Reporting 2025 R1.2008101556  
 Core WB Files 2025 R1.2008101556
 CFX (includes CFD-Post) 2025 R1.2008101556  
 Chemkin 2025 R1.2008101556  
 EnSight 2025 R1.2008101556  
 FENSAP-ICE 2025 R1.2008101556   
 Fluent (includes CFD-Post) 2025 R1.2008101556   
 Polyflow (includes CFD-Post) 2025 R1.2008101556 
 Forte (includes EnSight) 2025 R1.2008101556 
 Rocky 2025 R1.2008101556
 TurboGrid 2025 R1.2008101556
 ACIS Geometry Interface 2025 R1.2008101556  
 AutoCAD Geometry Interface 2025 R1.2008101556   
 Catia, Version 4 Geometry Interface 2025 R1.2008101556  
 Catia, Version 5 Geometry Interface 2025 R1.2008101556  
 Catia, Version 6 Geometry Interface 2025 R1.2008101556  
 Creo Elements/Direct Modeling Geometry Interface 2025 R1.2008101556 
 Creo Parametric Geometry Interface 2025 R1.2008101556   
 Inventor Geometry Interface 2025 R1.2008101556  
 JTOpen Geometry Interface 2025 R1.2008101556
 NX Geometry Interface 2025 R1.2008101556
 Parasolid Geometry Interface  2025 R1.2008101556
 Solid Edge Geometry Interface 2025 R1.2008101556
 SOLIDWORKS Geometry Interface 2025 R1.2008101556
 Speos 2025 R1.2008101556
 SpaceClaim 2025 R1.2008101556   
 Speos RPC 2025 R1.2008101556
 Aqwa 2025 R1.2008101556 
 Autodyn 2025 R1.2008101556  
 Material Calibration App 2025 R1.2008101556 
 Mechanical Products 2025 R1.2008101556  
 Motion 2025 R1.2008101556   
 Academic Student 2025 R1.2008101556 


          *****  MAPDL COMMAND LINE ARGUMENTS  *****
  BATCH MODE REQUESTED (-b)    = NOLIST
  INPUT FILE COPY MODE (-c)    = COPY
  DISTRIBUTED MEMORY PARALLEL REQUESTED
       4 PARALLEL PROCESSES REQUESTED WITH SINGLE THREAD PER PROCESS
    TOTAL OF     4 CORES REQUESTED
  INPUT FILE NAME              = C:\Users\Geoffrey\Desktop\College\College - Arizona State University\Classes\Semester 7 (2025 Fall)\MEE 488 (Mechanical Engineering Design 1)\M12 Modeling Files\_ProjectScratch\Scr69A7\dummy.dat
  OUTPUT FILE NAME             = C:\Users\Geoffrey\Desktop\College\College - Arizona State University\Classes\Semester 7 (2025 Fall)\MEE 488 (Mechanical Engineering Design 1)\M12 Modeling Files\_ProjectScratch\Scr69A7\solve.out
  START-UP FILE MODE           = NOREAD
  STOP FILE MODE               = NOREAD

 RELEASE= 2025 R1              BUILD= 25.1      UP20241202   VERSION=WINDOWS x64 
 CURRENT JOBNAME=file0  17:37:50  NOV 08, 2025 CP=      0.078


 PARAMETER _DS_PROGRESS =     999.0000000    

 /INPUT FILE= ds.dat  LINE=       0



 *** NOTE ***                            CP =       0.188   TIME= 17:37:50
 The /CONFIG,NOELDB command is not valid in a distributed memory         
 parallel solution.  Command is ignored.                                 

 *GET  _WALLSTRT  FROM  ACTI  ITEM=TIME WALL  VALUE=  17.6305556    

 TITLE= 
 Body Simulation--Static Structural (B5)                                       

  ACT Extensions:
      LSDYNA, 2025.1
      5f463412-bd3e-484b-87e7-cbc0a665e474, wbex
 /COM,     ANSYSMotion, 2025.1
      20180725-3f81-49eb-9f31-41364844c769, wbex
  

 SET PARAMETER DIMENSIONS ON  _WB_PROJECTSCRATCH_DIR
  TYPE=STRI  DIMENSIONS=      248        1        1

 PARAMETER _WB_PROJECTSCRATCH_DIR(1) = C:\Users\Geoffrey\Desktop\College\College - Arizona State University\Classes\Semester 7 (2025 Fall)\MEE 488 (Mechanical Engineering Design 1)\M12 Modeling Files\_ProjectScratch\Scr69A7\

 SET PARAMETER DIMENSIONS ON  _WB_SOLVERFILES_DIR
  TYPE=STRI  DIMENSIONS=      248        1        1

 PARAMETER _WB_SOLVERFILES_DIR(1) = C:\Users\Geoffrey\Desktop\College\College - Arizona State University\Classes\Semester 7 (2025 Fall)\MEE 488 (Mechanical Engineering Design 1)\M12 Modeling Files\Body Simulation_files\dp0\SYS\MECH\

 SET PARAMETER DIMENSIONS ON  _WB_USERFILES_DIR
  TYPE=STRI  DIMENSIONS=      248        1        1

 PARAMETER _WB_USERFILES_DIR(1) = C:\Users\Geoffrey\Desktop\College\College - Arizona State University\Classes\Semester 7 (2025 Fall)\MEE 488 (Mechanical Engineering Design 1)\M12 Modeling Files\Body Simulation_files\user_files\
 --- Data in consistent MKS units. See Solving Units in the help system for more

 MKS UNITS SPECIFIED FOR INTERNAL    
  LENGTH        (l)  = METER (M)
  MASS          (M)  = KILOGRAM (KG)
  TIME          (t)  = SECOND (SEC)
  TEMPERATURE   (T)  = CELSIUS (C)
  TOFFSET            = 273.0
  CHARGE        (Q)  = COULOMB
  FORCE         (f)  = NEWTON (N) (KG-M/SEC2)
  HEAT               = JOULE (N-M)

  PRESSURE           = PASCAL (NEWTON/M**2)
  ENERGY        (W)  = JOULE (N-M)
  POWER         (P)  = WATT (N-M/SEC)
  CURRENT       (i)  = AMPERE (COULOMBS/SEC)
  CAPACITANCE   (C)  = FARAD
  INDUCTANCE    (L)  = HENRY
  MAGNETIC FLUX      = WEBER
  RESISTANCE    (R)  = OHM
  ELECTRIC POTENTIAL = VOLT

 INPUT  UNITS ARE ALSO SET TO MKS 

 *** MAPDL - ENGINEERING ANALYSIS SYSTEM  RELEASE 2025 R1          25.1     ***
 Ansys Mechanical Enterprise Academic Student      
 01055371  VERSION=WINDOWS x64   17:37:50  NOV 08, 2025 CP=      0.219

 Body Simulation--Static Structural (B5)                                       



          ***** MAPDL ANALYSIS DEFINITION (PREP7) *****
 *********** Nodes for the whole assembly ***********
 *********** Elements for Body 1 'Solid' ***********
 *********** Send User Defined Coordinate System(s) ***********
 *********** Set Reference Temperature ***********
 *********** Send Materials ***********
 *********** Fixed Supports ***********
 ********* Frictionless Supports Y *********
 ********* Frictionless Supports Z *********
 *********** Node Rotations ***********
 *********** Define Pressure Using Surface Effect Elements "Pressure" **********
 *********** Define Force Using Surface Effect Elements ***********
 *********** Define Force Using Surface Effect Elements ***********


 ***** ROUTINE COMPLETED *****  CP =         1.578


 --- Number of total nodes = 41758
 --- Number of contact elements = 25746
 --- Number of spring elements = 0
 --- Number of bearing elements = 0
 --- Number of solid elements = 20388
 --- Number of condensed parts = 0
 --- Number of total elements = 46134

 *GET  _WALLBSOL  FROM  ACTI  ITEM=TIME WALL  VALUE=  17.6305556    
 ****************************************************************************
 *************************    SOLUTION       ********************************
 ****************************************************************************

 *****  MAPDL SOLUTION ROUTINE  *****


 PERFORM A STATIC ANALYSIS
  THIS WILL BE A NEW ANALYSIS

 PARAMETER _THICKRATIO =     0.000000000    

 USE SPARSE MATRIX DIRECT SOLVER

 CONTACT INFORMATION PRINTOUT LEVEL       1

 CHECK INITIAL OPEN/CLOSED STATUS OF SELECTED CONTACT ELEMENTS
      AND LIST DETAILED CONTACT PAIR INFORMATION

 SPLIT CONTACT SURFACES AT SOLVE PHASE

    NUMBER OF SPLITTING TBD BY PROGRAM

 DO NOT COMBINE ELEMENT MATRIX FILES (.emat) AFTER DISTRIBUTED PARALLEL SOLUTION

 DO NOT COMBINE ELEMENT SAVE DATA FILES (.esav) AFTER DISTRIBUTED PARALLEL SOLUTION

 NLDIAG: Nonlinear diagnostics CONT option is set to ON. 
         Writing frequency : each ITERATION.

 DO NOT SAVE ANY RESTART FILES AT ALL
 ****************************************************
 ******************* SOLVE FOR LS 1 OF 1 ****************

 SELECT       FOR ITEM=TYPE COMPONENT=    
  IN RANGE         2 TO          2 STEP          1

       8582  ELEMENTS (OF      46134  DEFINED) SELECTED BY  ESEL  COMMAND.

 SELECT      ALL NODES HAVING ANY ELEMENT IN ELEMENT SET.

      17488 NODES (OF      41758  DEFINED) SELECTED FROM
     8582 SELECTED ELEMENTS BY NSLE COMMAND.

 GENERATE SURFACE LOAD PRES ON SURFACE DEFINED BY ALL SELECTED NODES
 VALUES=  2000.00000      0.00000000    

 NUMBER OF PRES ELEMENT FACE LOADS STORED =       8582

 ALL SELECT   FOR ITEM=NODE COMPONENT=    
  IN RANGE         1 TO      41758 STEP          1

      41758  NODES (OF      41758  DEFINED) SELECTED BY NSEL  COMMAND.

 ALL SELECT   FOR ITEM=ELEM COMPONENT=    
  IN RANGE         1 TO      60242 STEP          1

      46134  ELEMENTS (OF      46134  DEFINED) SELECTED BY  ESEL  COMMAND.

 SELECT       FOR ITEM=TYPE COMPONENT=    
  IN RANGE         3 TO          3 STEP          1

       8582  ELEMENTS (OF      46134  DEFINED) SELECTED BY  ESEL  COMMAND.

 SELECT      ALL NODES HAVING ANY ELEMENT IN ELEMENT SET.

      17488 NODES (OF      41758  DEFINED) SELECTED FROM
     8582 SELECTED ELEMENTS BY NSLE COMMAND.

 SPECIFIED SURFACE LOAD PRES FOR ALL SELECTED ELEMENTS  LKEY =  1   KVAL = 1
     VALUES =    -3659.2        -3659.2        -3659.2        -3659.2    

 SPECIFIED SURFACE LOAD PRES FOR ALL SELECTED ELEMENTS  LKEY =  2   KVAL = 1
     VALUES =     0.0000         0.0000         0.0000         0.0000    

 SPECIFIED SURFACE LOAD PRES FOR ALL SELECTED ELEMENTS  LKEY =  3   KVAL = 1
     VALUES =     0.0000         0.0000         0.0000         0.0000    

 SELECT       FOR ITEM=TYPE COMPONENT=    
  IN RANGE         4 TO          4 STEP          1

       8582  ELEMENTS (OF      46134  DEFINED) SELECTED BY  ESEL  COMMAND.

 SELECT      ALL NODES HAVING ANY ELEMENT IN ELEMENT SET.

      17488 NODES (OF      41758  DEFINED) SELECTED FROM
     8582 SELECTED ELEMENTS BY NSLE COMMAND.

 SPECIFIED SURFACE LOAD PRES FOR ALL SELECTED ELEMENTS  LKEY =  1   KVAL = 1
     VALUES =     0.0000         0.0000         0.0000         0.0000    

 SPECIFIED SURFACE LOAD PRES FOR ALL SELECTED ELEMENTS  LKEY =  2   KVAL = 1
     VALUES =     64.064         64.064         64.064         64.064    

 SPECIFIED SURFACE LOAD PRES FOR ALL SELECTED ELEMENTS  LKEY =  3   KVAL = 1
     VALUES =     0.0000         0.0000         0.0000         0.0000    

 ALL SELECT   FOR ITEM=NODE COMPONENT=    
  IN RANGE         1 TO      41758 STEP          1

      41758  NODES (OF      41758  DEFINED) SELECTED BY NSEL  COMMAND.

 ALL SELECT   FOR ITEM=ELEM COMPONENT=    
  IN RANGE         1 TO      60242 STEP          1

      46134  ELEMENTS (OF      46134  DEFINED) SELECTED BY  ESEL  COMMAND.

 ALL SELECT   FOR ITEM=ELEM COMPONENT=    
  IN RANGE         1 TO      60242 STEP          1

      46134  ELEMENTS (OF      46134  DEFINED) SELECTED BY  ESEL  COMMAND.

 PRINTOUT RESUMED BY /GOP

 USE       1 SUBSTEPS INITIALLY THIS LOAD STEP FOR ALL  DEGREES OF FREEDOM
 FOR AUTOMATIC TIME STEPPING:
   USE      1 SUBSTEPS AS A MAXIMUM
   USE      1 SUBSTEPS AS A MINIMUM

 TIME=  1.0000    

 ERASE THE CURRENT DATABASE OUTPUT CONTROL TABLE.


 WRITE ALL  ITEMS TO THE DATABASE WITH A FREQUENCY OF NONE
   FOR ALL APPLICABLE ENTITIES

 WRITE NSOL ITEMS TO THE DATABASE WITH A FREQUENCY OF ALL 
   FOR ALL APPLICABLE ENTITIES

 WRITE RSOL ITEMS TO THE DATABASE WITH A FREQUENCY OF ALL 
   FOR ALL APPLICABLE ENTITIES

 WRITE EANG ITEMS TO THE DATABASE WITH A FREQUENCY OF ALL 
   FOR ALL APPLICABLE ENTITIES

 WRITE ETMP ITEMS TO THE DATABASE WITH A FREQUENCY OF ALL 
   FOR ALL APPLICABLE ENTITIES

 WRITE VENG ITEMS TO THE DATABASE WITH A FREQUENCY OF ALL 
   FOR ALL APPLICABLE ENTITIES

 WRITE STRS ITEMS TO THE DATABASE WITH A FREQUENCY OF ALL 
   FOR ALL APPLICABLE ENTITIES

 WRITE EPEL ITEMS TO THE DATABASE WITH A FREQUENCY OF ALL 
   FOR ALL APPLICABLE ENTITIES

 WRITE EPPL ITEMS TO THE DATABASE WITH A FREQUENCY OF ALL 
   FOR ALL APPLICABLE ENTITIES

 WRITE CONT ITEMS TO THE DATABASE WITH A FREQUENCY OF ALL 
   FOR ALL APPLICABLE ENTITIES

 *GET  ANSINTER_  FROM  ACTI  ITEM=INT        VALUE=  0.00000000    

 *IF  ANSINTER_  ( =   0.00000     )  NE  
      0  ( =   0.00000     )  THEN    

 *ENDIF

 *** NOTE ***                            CP =       2.141   TIME= 17:37:51
 The automatic domain decomposition logic has selected the MESH domain   
 decomposition method with 4 processes per solution.                     

 *****  MAPDL SOLVE    COMMAND  *****

 *** WARNING ***                         CP =       2.328   TIME= 17:37:51
 Element shape checking is currently inactive.  Issue SHPP,ON or         
 SHPP,WARN to reactivate, if desired.                                    

 *** NOTE ***                            CP =       2.391   TIME= 17:37:51
 The model data was checked and warning messages were found.             
  Please review output or errors file (                                  
 C:\Users\Geoffrey\Desktop\College\College - Arizona State               
 University\Classes\Semester 7 (2025 Fall)\MEE 488 (Mechanical           
 Engineering Design 1)\M12 Modeling                                      
 Files\_ProjectScratch\Scr69A7\file0.err ) for these warning messages.   

 *** SELECTION OF ELEMENT TECHNOLOGIES FOR APPLICABLE ELEMENTS ***
      --- GIVE SUGGESTIONS AND RESET THE KEY OPTIONS ---

 ELEMENT TYPE         1 IS SOLID187. IT IS NOT ASSOCIATED WITH FULLY INCOMPRESSIBLE
 HYPERELASTIC MATERIALS. NO SUGGESTION IS AVAILABLE AND NO RESETTING IS NEEDED.



 *** MAPDL - ENGINEERING ANALYSIS SYSTEM  RELEASE 2025 R1          25.1     ***
 Ansys Mechanical Enterprise Academic Student      
 01055371  VERSION=WINDOWS x64   17:37:51  NOV 08, 2025 CP=      2.453

 Body Simulation--Static Structural (B5)                                       



                       S O L U T I O N   O P T I O N S

   PROBLEM DIMENSIONALITY. . . . . . . . . . . . .3-D                  
   DEGREES OF FREEDOM. . . . . . UX   UY   UZ  
   ANALYSIS TYPE . . . . . . . . . . . . . . . . .STATIC (STEADY-STATE)
   OFFSET TEMPERATURE FROM ABSOLUTE ZERO . . . . .  273.15    
   EQUATION SOLVER OPTION. . . . . . . . . . . . .SPARSE             
   GLOBALLY ASSEMBLED MATRIX . . . . . . . . . . .SYMMETRIC  

 *** WARNING ***                         CP =       2.453   TIME= 17:37:51
 Material number 2 (used by element 34497) should normally have at least 
 one MP or one TB type command associated with it.  Output of energy by  
 material may not be available.                                          

 *** NOTE ***                            CP =       2.641   TIME= 17:37:51
 The step data was checked and warning messages were found.              
  Please review output or errors file (                                  
 C:\Users\Geoffrey\Desktop\College\College - Arizona State               
 University\Classes\Semester 7 (2025 Fall)\MEE 488 (Mechanical           
 Engineering Design 1)\M12 Modeling                                      
 Files\_ProjectScratch\Scr69A7\file0.err ) for these warning messages.   

 *** NOTE ***                            CP =       2.641   TIME= 17:37:51
 The conditions for direct assembly have been met.  No .emat or .erot    
 files will be produced.                                                 

  
  
     D I S T R I B U T E D   D O M A I N   D E C O M P O S E R
  
  ...Number of elements: 46134
  ...Number of nodes:    41758
  ...Decompose to 4 CPU domains
  ...Element load balance ratio =     1.008


                      L O A D   S T E P   O P T I O N S

   LOAD STEP NUMBER. . . . . . . . . . . . . . . .     1
   TIME AT END OF THE LOAD STEP. . . . . . . . . .  1.0000    
   NUMBER OF SUBSTEPS. . . . . . . . . . . . . . .     1
   STEP CHANGE BOUNDARY CONDITIONS . . . . . . . .    NO
   PRINT OUTPUT CONTROLS . . . . . . . . . . . . .NO PRINTOUT
   DATABASE OUTPUT CONTROLS
      ITEM     FREQUENCY   COMPONENT
       ALL       NONE               
      NSOL        ALL               
      RSOL        ALL               
      EANG        ALL               
      ETMP        ALL               
      VENG        ALL               
      STRS        ALL               
      EPEL        ALL               
      EPPL        ALL               
      CONT        ALL               


 SOLUTION MONITORING INFO IS WRITTEN TO FILE= file.mntr                                                                                                                                                                                                                                                           



                         ***********  PRECISE MASS SUMMARY  ***********

   TOTAL RIGID BODY MASS MATRIX ABOUT ORIGIN
               Translational mass               |   Coupled translational/rotational mass
         1.8970        0.0000        0.0000     |     0.0000       0.10160E-05   0.38366E-06
         0.0000        1.8970        0.0000     |   -0.10160E-05    0.0000       0.38548    
         0.0000        0.0000        1.8970     |   -0.38366E-06  -0.38548        0.0000    
     ------------------------------------------ | ------------------------------------------
                                                |         Rotational mass (inertia)
                                                |    0.65220E-02   0.13866E-06  -0.15812E-06
                                                |    0.13866E-06   0.10619       0.14151E-07
                                                |   -0.15812E-06   0.14151E-07   0.10619    

   TOTAL MASS =  1.8970    
     The mass principal axes coincide with the global Cartesian axes

   CENTER OF MASS (X,Y,Z)=   0.20320      -0.20224E-06   0.53555E-06

   TOTAL INERTIA ABOUT CENTER OF MASS
        0.65220E-02   0.60705E-07   0.48324E-07
        0.60705E-07   0.27862E-01   0.14151E-07
        0.48324E-07   0.14151E-07   0.27862E-01
     The inertia principal axes coincide with the global Cartesian axes


  *** MASS SUMMARY BY ELEMENT TYPE ***

  TYPE      MASS
     1   1.89703    

 Range of element maximum matrix coefficients in global coordinates
 Maximum = 3.094477477E+09 at element 20340.                             
 Minimum = 62500007.6 at element 451.                                    

   *** ELEMENT MATRIX FORMULATION TIMES
     TYPE    NUMBER   ENAME      TOTAL CP  AVE CP

        1     20388  SOLID187      0.578   0.000028
        2      8582  SURF154       0.078   0.000009
        3      8582  SURF154       0.172   0.000020
        4      8582  SURF154       0.094   0.000011
 Time at end of element matrix formulation CP = 4.09375.                 

 DISTRIBUTED SPARSE MATRIX DIRECT SOLVER.
  Number of equations =      115142,    Maximum wavefront =    267


  Memory allocated on only this MPI rank (rank     0)
  -------------------------------------------------------------------
  Equation solver memory allocated                     =   112.762 MB
  Equation solver memory required for in-core mode     =   108.226 MB
  Equation solver memory required for out-of-core mode =    49.245 MB
  Total (solver and non-solver) memory allocated       =   714.770 MB


  Total memory summed across all MPI ranks on this machines
  -------------------------------------------------------------------
  Equation solver memory allocated                     =   468.119 MB
  Equation solver memory required for in-core mode     =   449.099 MB
  Equation solver memory required for out-of-core mode =   197.872 MB
  Total (solver and non-solver) memory allocated       =  1775.615 MB

 *** NOTE ***                            CP =       4.266   TIME= 17:37:51
 The Distributed Sparse Matrix Solver is currently running in the        
 in-core memory mode.  This memory mode uses the most amount of memory   
 in order to avoid using the hard drive as much as possible, which most  
 often results in the fastest solution time.  This mode is recommended   
 if enough physical memory is present to accommodate all of the solver   
 data.                                                                   
 curEqn=  27784  totEqn=  27784 Job CP sec=      4.484
      Factor Done= 100% Factor Wall sec=      0.168 rate=      25.2 GFlops
 Distributed sparse solver maximum pivot= 4.601611142E+09 at node 37900  
 UZ.                                                                     
 Distributed sparse solver minimum pivot= 16371590.6 at node 349 UZ.     
 Distributed sparse solver minimum pivot in absolute value= 16371590.6   
 at node 349 UZ.                                                         

   *** ELEMENT RESULT CALCULATION TIMES
     TYPE    NUMBER   ENAME      TOTAL CP  AVE CP

        1     20388  SOLID187      0.484   0.000024
        2      8582  SURF154       0.016   0.000002
        3      8582  SURF154       0.031   0.000004
        4      8582  SURF154       0.047   0.000005

   *** NODAL LOAD CALCULATION TIMES
     TYPE    NUMBER   ENAME      TOTAL CP  AVE CP

        1     20388  SOLID187      0.094   0.000005
        2      8582  SURF154       0.000   0.000000
        3      8582  SURF154       0.016   0.000002
        4      8582  SURF154       0.000   0.000000
 *** LOAD STEP     1   SUBSTEP     1  COMPLETED.    CUM ITER =      1
 *** TIME =   1.00000         TIME INC =   1.00000      NEW TRIANG MATRIX


 *** MAPDL BINARY FILE STATISTICS
  BUFFER SIZE USED= 16384
       13.562 MB WRITTEN ON ASSEMBLED MATRIX FILE: file0.full
        5.625 MB WRITTEN ON RESULTS FILE: file0.rst
 *************** Write FE CONNECTORS *********

 WRITE OUT CONSTRAINT EQUATIONS TO FILE= file.ce                                                                                                                                                                                                                                                             
 ****************************************************
 *************** FINISHED SOLVE FOR LS 1 *************

 *GET  _WALLASOL  FROM  ACTI  ITEM=TIME WALL  VALUE=  17.6311111    

 PRINTOUT RESUMED BY /GOP

 FINISH SOLUTION PROCESSING


 ***** ROUTINE COMPLETED *****  CP =         5.469



 *** MAPDL - ENGINEERING ANALYSIS SYSTEM  RELEASE 2025 R1          25.1     ***
 Ansys Mechanical Enterprise Academic Student      
 01055371  VERSION=WINDOWS x64   17:37:52  NOV 08, 2025 CP=      5.469

 Body Simulation--Static Structural (B5)                                       



          ***** MAPDL RESULTS INTERPRETATION (POST1) *****

 *** NOTE ***                            CP =       5.469   TIME= 17:37:52
 Reading results into the database (SET command) will update the current 
 displacement and force boundary conditions in the database with the     
 values from the results file for that load set.  Note that any          
 subsequent solutions will use these values unless action is taken to    
 either SAVE the current values or not overwrite them (/EXIT,NOSAVE).    

 Set Encoding of XML File to:ISO-8859-1

 Set Output of XML File to:
     PARM,     ,     ,     ,     ,     ,     ,     ,     ,     ,     ,     ,
         ,     ,     ,     ,     ,     ,     ,

 DATABASE WRITTEN ON FILE  parm.xml                                                                                                                                                                                                                                                            

 EXIT THE MAPDL POST1 DATABASE PROCESSOR


 ***** ROUTINE COMPLETED *****  CP =         5.469



 PRINTOUT RESUMED BY /GOP

 *GET  _WALLDONE  FROM  ACTI  ITEM=TIME WALL  VALUE=  17.6311111    

 PARAMETER _PREPTIME =     0.000000000    

 PARAMETER _SOLVTIME =     2.000000000    

 PARAMETER _POSTTIME =     0.000000000    

 PARAMETER _TOTALTIM =     2.000000000    

 *GET  _DLBRATIO  FROM  ACTI  ITEM=SOLU DLBR  VALUE=  1.00771699    

 *GET  _COMBTIME  FROM  ACTI  ITEM=SOLU COMB  VALUE= 0.842987000E-01

 *GET  _SSMODE   FROM  ACTI  ITEM=SOLU SSMM  VALUE=  2.00000000    

 *GET  _NDOFS    FROM  ACTI  ITEM=SOLU NDOF  VALUE=  115142.000    

 *GET  _SOL_END_TIME  FROM  ACTI  ITEM=SET  TIME  VALUE=  1.00000000    

 *IF  _sol_end_time  ( =   1.00000     )  EQ  
      1.000000  ( =   1.00000     )  THEN    

 /FCLEAN COMMAND REMOVING ALL LOCAL FILES

 *ENDIF
 --- Total number of nodes = 41758
 --- Total number of elements = 46134
 --- Element load balance ratio = 1.00771699
 --- Time to combine distributed files = 8.42987E-02
 --- Sparse memory mode = 2
 --- Number of DOF = 115142

 EXIT MAPDL WITHOUT SAVING DATABASE


 NUMBER OF WARNING MESSAGES ENCOUNTERED=          2
 NUMBER OF ERROR   MESSAGES ENCOUNTERED=          0

+--------------------- M A P D L   S T A T I S T I C S ------------------------+

Release: 2025 R1            Build: 25.1       Update: UP20241202   Platform: WINDOWS x64 
Date Run: 11/08/2025   Time: 17:37     Process ID: 33168
Operating System: Windows 11  (Build: 26100)

Processor Model: AMD Ryzen 7 7700X 8-Core Processor

Compiler: Intel(R) Fortran Compiler Classic Version 2021.9  (Build: 20230302)
          Intel(R) C/C++ Compiler Classic Version 2021.9  (Build: 20230302)
          AOCL-BLAS 4.2.1 Build 20240528

Number of machines requested            :    1
Total number of cores available         :   16
Number of physical cores available      :    8
Number of processes requested           :    4
Number of threads per process requested :    1
Total number of cores requested         :    4 (Distributed Memory Parallel)               
MPI Type: INTELMPI
MPI Version: Intel(R) MPI Library 2021.13 for Windows* OS


GPU Acceleration: Not Requested

Job Name: file0
Input File: dummy.dat

  Core                Machine Name   Working Directory
 -----------------------------------------------------
     0             DESKTOP-TRP580Q   C:\Users\Geoffrey\Desktop\College\College - Arizona State University\Classes\Semester 7 (2025 Fall)\MEE 488 (Mechanical Engineering Design 1)\M12 Modeling Files\_ProjectScratch\Scr69A7
     1             DESKTOP-TRP580Q   C:\Users\Geoffrey\Desktop\College\College - Arizona State University\Classes\Semester 7 (2025 Fall)\MEE 488 (Mechanical Engineering Design 1)\M12 Modeling Files\_ProjectScratch\Scr69A7
     2             DESKTOP-TRP580Q   C:\Users\Geoffrey\Desktop\College\College - Arizona State University\Classes\Semester 7 (2025 Fall)\MEE 488 (Mechanical Engineering Design 1)\M12 Modeling Files\_ProjectScratch\Scr69A7
     3             DESKTOP-TRP580Q   C:\Users\Geoffrey\Desktop\College\College - Arizona State University\Classes\Semester 7 (2025 Fall)\MEE 488 (Mechanical Engineering Design 1)\M12 Modeling Files\_ProjectScratch\Scr69A7
 
Latency time from master to core     1 =    2.128 microseconds
Latency time from master to core     2 =    2.135 microseconds
Latency time from master to core     3 =    2.610 microseconds
 
Communication speed from master to core     1 = 20610.06 MB/sec
Communication speed from master to core     2 = 24544.39 MB/sec
Communication speed from master to core     3 = 23161.55 MB/sec

Total CPU time for main thread                    :        2.4 seconds
Total CPU time summed for all threads             :        5.7 seconds

Elapsed time spent obtaining a license            :        0.4 seconds
Elapsed time spent pre-processing model (/PREP7)  :        0.4 seconds
Elapsed time spent solution - preprocessing       :        0.4 seconds
Elapsed time spent computing solution             :        0.9 seconds
Elapsed time spent solution - postprocessing      :        0.1 seconds
Elapsed time spent post-processing model (/POST1) :        0.0 seconds
 
Equation solver used                              :            Sparse (symmetric)
Equation solver computational rate                :       99.8 Gflops
Equation solver effective I/O rate                :       24.5 GB/sec

Sum of disk space used on all processes           :      103.2 MB

Sum of memory used on all processes               :     1250.0 MB
Sum of memory allocated on all processes          :     3188.0 MB
Physical memory available                         :         31 GB
Total amount of I/O written to disk               :        0.1 GB
Total amount of I/O read from disk                :        0.0 GB

+------------------ E N D   M A P D L   S T A T I S T I C S -------------------+


 *-----------------------------------------------------------------------------*
 |                                                                             |
 |                               RUN COMPLETED                                 |
 |                                                                             |
 |-----------------------------------------------------------------------------|
 |                                                                             |
 |  Ansys MAPDL 2025 R1         Build 25.1         UP20241202    WINDOWS x64   |
 |                                                                             |
 |-----------------------------------------------------------------------------|
 |                                                                             |
 |  Database Requested(-db)     1024 MB     Scratch Memory Requested   1024 MB |
 |  Max Database Used(Master)     52 MB     Max Scratch Used(Master)    704 MB |
 |  Max Database Used(Workers)     1 MB     Max Scratch Used(Workers)   170 MB |
 |  Sum Database Used(All)        55 MB     Sum Scratch Used(All)      1195 MB |
 |                                                                             |
 |-----------------------------------------------------------------------------|
 |                                                                             |
 |        CP Time      (sec) =          5.688       Time  =  17:37:52          |
 |        Elapsed Time (sec) =          4.000       Date  =  11/08/2025        |
 |                                                                             |
 *-----------------------------------------------------------------------------*
