
 Ansys Mechanical Enterprise Academic Student      


 *------------------------------------------------------------------*
 |                                                                  |
 |   W E L C O M E   T O   T H E   A N S Y S (R)  P R O G R A M     |
 |                                                                  |
 *------------------------------------------------------------------*




 ***************************************************************
 *         ANSYS MAPDL 2025 R1          LEGAL NOTICES          *
 ***************************************************************
 *                                                             *
 * Copyright 1971-2025 Ansys, Inc.  All rights reserved.       *
 * Unauthorized use, distribution or duplication is            *
 * prohibited.                                                 *
 *                                                             *
 * Ansys is a registered trademark of Ansys, Inc. or its       *
 * subsidiaries in the United States or other countries.       *
 * See the Ansys, Inc. online documentation or the Ansys, Inc. *
 * documentation CD or online help for the complete Legal      *
 * Notice.                                                     *
 *                                                             *
 ***************************************************************
 *                                                             *
 * THIS ANSYS SOFTWARE PRODUCT AND PROGRAM DOCUMENTATION       *
 * INCLUDE TRADE SECRETS AND CONFIDENTIAL AND PROPRIETARY      *
 * PRODUCTS OF ANSYS, INC., ITS SUBSIDIARIES, OR LICENSORS.    *
 * The software products and documentation are furnished by    *
 * Ansys, Inc. or its subsidiaries under a software license    *
 * agreement that contains provisions concerning               *
 * non-disclosure, copying, length and nature of use,          *
 * compliance with exporting laws, warranties, disclaimers,    *
 * limitations of liability, and remedies, and other           *
 * provisions.  The software products and documentation may be *
 * used, disclosed, transferred, or copied only in accordance  *
 * with the terms and conditions of that software license      *
 * agreement.                                                  *
 *                                                             *
 * Ansys, Inc. is a UL registered                              *
 * ISO 9001:2015 company.                                      *
 *                                                             *
 ***************************************************************
 *                                                             *
 * This product is subject to U.S. laws governing export and   *
 * re-export.                                                  *
 *                                                             *
 * For U.S. Government users, except as specifically granted   *
 * by the Ansys, Inc. software license agreement, the use,     *
 * duplication, or disclosure by the United States Government  *
 * is subject to restrictions stated in the Ansys, Inc.        *
 * software license agreement and FAR 12.212 (for non-DOD      *
 * licenses).                                                  *
 *                                                             *
 ***************************************************************

 2025 R1 
     
 Point Releases and Patches installed:   
     
 Ansys Service Pack 2025 R1.18872760 
 Discovery (full install) 2025 R1.18872760   
 Core WB Files 2025 R1.18872760  
 Ansys Dynamic Reporting 2025 R1.18872760
 CFX (includes CFD-Post) 2025 R1.18872760
 Chemkin 2025 R1.18872760
 EnSight 2025 R1.18872760
 FENSAP-ICE 2025 R1.18872760 
 Fluent (includes CFD-Post) 2025 R1.18872760 
 Polyflow (includes CFD-Post) 2025 R1.18872760   
 Forte (includes EnSight) 2025 R1.18872760   
 Rocky 2025 R1.18872760  
 TurboGrid 2025 R1.18872760  
 ACIS Geometry Interface 2025 R1.18872760
 AutoCAD Geometry Interface 2025 R1.18872760 
 Catia, Version 4 Geometry Interface 2025 R1.18872760
 Catia, Version 5 Geometry Interface 2025 R1.18872760
 Catia, Version 6 Geometry Interface 2025 R1.18872760
 Creo Elements/Direct Modeling Geometry Interface 2025 R1.18872760   
 Creo Parametric Geometry Interface 2025 R1.18872760 
 Inventor Geometry Interface 2025 R1.18872760
 JTOpen Geometry Interface 2025 R1.18872760  
 NX Geometry Interface 2025 R1.18872760  
 Parasolid Geometry Interface  2025 R1.18872760  
 Solid Edge Geometry Interface 2025 R1.18872760  
 SOLIDWORKS Geometry Interface 2025 R1.18872760  
 Speos 2025 R1.18872760  
 SpaceClaim 2025 R1.18872760 
 Speos RPC 2025 R1.18872760  
 Aqwa 2025 R1.18872760   
 Autodyn 2025 R1.18872760
 Material Calibration App 2025 R1.18872760   
 Mechanical Products 2025 R1.18872760
 Motion 2025 R1.18872760 
 Academic Student 2025 R1.18872760   


          *****  MAPDL COMMAND LINE ARGUMENTS  *****
  BATCH MODE REQUESTED (-b)    = NOLIST
  INPUT FILE COPY MODE (-c)    = COPY
  DISTRIBUTED MEMORY PARALLEL REQUESTED
       4 PARALLEL PROCESSES REQUESTED WITH SINGLE THREAD PER PROCESS
    TOTAL OF     4 CORES REQUESTED
  INPUT FILE NAME              = C:\Users\Evelyn\AppData\Local\Temp\WB_Evelyn_12996_2\_ProjectScratch\Scr0036\dummy.dat
  OUTPUT FILE NAME             = C:\Users\Evelyn\AppData\Local\Temp\WB_Evelyn_12996_2\_ProjectScratch\Scr0036\solve.out
  START-UP FILE MODE           = NOREAD
  STOP FILE MODE               = NOREAD

 RELEASE= 2025 R1              BUILD= 25.1      UP20241202   VERSION=WINDOWS x64 
 CURRENT JOBNAME=file0  14:11:00  NOV 09, 2025 CP=      0.062


 PARAMETER _DS_PROGRESS =     999.0000000    

 /INPUT FILE= ds.dat  LINE=       0



 *** NOTE ***                            CP =       0.234   TIME= 14:11:00
 The /CONFIG,NOELDB command is not valid in a distributed memory         
 parallel solution.  Command is ignored.                                 

 *GET  _WALLSTRT  FROM  ACTI  ITEM=TIME WALL  VALUE=  14.1833333    

 TITLE= 
 wbnew--Static Structural (C5)                                                 

  ACT Extensions:
      LSDYNA, 2025.1
      5f463412-bd3e-484b-87e7-cbc0a665e474, wbex
 /COM,     ANSYSMotion, 2025.1
      20180725-3f81-49eb-9f31-41364844c769, wbex
  

 SET PARAMETER DIMENSIONS ON  _WB_PROJECTSCRATCH_DIR
  TYPE=STRI  DIMENSIONS=      248        1        1

 PARAMETER _WB_PROJECTSCRATCH_DIR(1) = C:\Users\Evelyn\AppData\Local\Temp\WB_Evelyn_12996_2\_ProjectScratch\Scr0036\

 SET PARAMETER DIMENSIONS ON  _WB_SOLVERFILES_DIR
  TYPE=STRI  DIMENSIONS=      248        1        1

 PARAMETER _WB_SOLVERFILES_DIR(1) = C:\Users\Evelyn\AppData\Local\Temp\WB_Evelyn_12996_2\wbnew_files\dp0\SYS-1\MECH\

 SET PARAMETER DIMENSIONS ON  _WB_USERFILES_DIR
  TYPE=STRI  DIMENSIONS=      248        1        1

 PARAMETER _WB_USERFILES_DIR(1) = C:\Users\Evelyn\AppData\Local\Temp\WB_Evelyn_12996_2\wbnew_files\user_files\
 --- Data in consistent NMM units. See Solving Units in the help system for more

 MPA UNITS SPECIFIED FOR INTERNAL    
  LENGTH      = MILLIMETERS (mm)
  MASS        = TONNE (Mg)
  TIME        = SECONDS (sec)
  TEMPERATURE = CELSIUS (C)
  TOFFSET     = 273.0
  FORCE       = NEWTON (N)
  HEAT        = MILLIJOULES (mJ)

 INPUT  UNITS ARE ALSO SET TO MPA 

 *** MAPDL - ENGINEERING ANALYSIS SYSTEM  RELEASE 2025 R1          25.1     ***
 Ansys Mechanical Enterprise Academic Student      
 01055371  VERSION=WINDOWS x64   14:11:00  NOV 09, 2025 CP=      0.266

 wbnew--Static Structural (C5)                                                 



          ***** MAPDL ANALYSIS DEFINITION (PREP7) *****
 *********** Nodes for the whole assembly ***********
 *********** Elements for Body 1 'Solid' ***********
 *********** Send User Defined Coordinate System(s) ***********
 *********** Set Reference Temperature ***********
 *********** Send Materials ***********
 *********** Fixed Supports ***********
 *********** Define Pressure Using Surface Effect Elements "Pressure" **********
 *********** Define Force Using Surface Effect Elements ***********


 ***** ROUTINE COMPLETED *****  CP =         0.766


 --- Number of total nodes = 37312
 --- Number of contact elements = 1988
 --- Number of spring elements = 0
 --- Number of bearing elements = 0
 --- Number of solid elements = 19669
 --- Number of condensed parts = 0
 --- Number of total elements = 21657

 *GET  _WALLBSOL  FROM  ACTI  ITEM=TIME WALL  VALUE=  14.1833333    
 ****************************************************************************
 *************************    SOLUTION       ********************************
 ****************************************************************************

 *****  MAPDL SOLUTION ROUTINE  *****


 PERFORM A STATIC ANALYSIS
  THIS WILL BE A NEW ANALYSIS

 PARAMETER _THICKRATIO =     0.000000000    

 USE SPARSE MATRIX DIRECT SOLVER

 CONTACT INFORMATION PRINTOUT LEVEL       1

 CHECK INITIAL OPEN/CLOSED STATUS OF SELECTED CONTACT ELEMENTS
      AND LIST DETAILED CONTACT PAIR INFORMATION

 SPLIT CONTACT SURFACES AT SOLVE PHASE

    NUMBER OF SPLITTING TBD BY PROGRAM

 DO NOT COMBINE ELEMENT MATRIX FILES (.emat) AFTER DISTRIBUTED PARALLEL SOLUTION

 DO NOT COMBINE ELEMENT SAVE DATA FILES (.esav) AFTER DISTRIBUTED PARALLEL SOLUTION

 NLDIAG: Nonlinear diagnostics CONT option is set to ON. 
         Writing frequency : each ITERATION.

 DO NOT SAVE ANY RESTART FILES AT ALL
 ****************************************************
 ******************* SOLVE FOR LS 1 OF 1 ****************

 SELECT       FOR ITEM=TYPE COMPONENT=    
  IN RANGE         2 TO          2 STEP          1

        994  ELEMENTS (OF      21657  DEFINED) SELECTED BY  ESEL  COMMAND.

 SELECT      ALL NODES HAVING ANY ELEMENT IN ELEMENT SET.

       2073 NODES (OF      37312  DEFINED) SELECTED FROM
      994 SELECTED ELEMENTS BY NSLE COMMAND.

 GENERATE SURFACE LOAD PRES ON SURFACE DEFINED BY ALL SELECTED NODES
 VALUES= 2.000000000E-03  0.00000000    

 NUMBER OF PRES ELEMENT FACE LOADS STORED =        994

 ALL SELECT   FOR ITEM=NODE COMPONENT=    
  IN RANGE         1 TO      37312 STEP          1

      37312  NODES (OF      37312  DEFINED) SELECTED BY NSEL  COMMAND.

 ALL SELECT   FOR ITEM=ELEM COMPONENT=    
  IN RANGE         1 TO      32245 STEP          1

      21657  ELEMENTS (OF      21657  DEFINED) SELECTED BY  ESEL  COMMAND.

 SELECT       FOR ITEM=TYPE COMPONENT=    
  IN RANGE         3 TO          3 STEP          1

        994  ELEMENTS (OF      21657  DEFINED) SELECTED BY  ESEL  COMMAND.

 SELECT      ALL NODES HAVING ANY ELEMENT IN ELEMENT SET.

       2073 NODES (OF      37312  DEFINED) SELECTED FROM
      994 SELECTED ELEMENTS BY NSLE COMMAND.

 SPECIFIED SURFACE LOAD PRES FOR ALL SELECTED ELEMENTS  LKEY =  1   KVAL = 1
     VALUES =    0.17621E-01    0.17621E-01    0.17621E-01    0.17621E-01

 SPECIFIED SURFACE LOAD PRES FOR ALL SELECTED ELEMENTS  LKEY =  2   KVAL = 1
     VALUES =   -0.10173E-01   -0.10173E-01   -0.10173E-01   -0.10173E-01

 SPECIFIED SURFACE LOAD PRES FOR ALL SELECTED ELEMENTS  LKEY =  3   KVAL = 1
     VALUES =     0.0000         0.0000         0.0000         0.0000    

 ALL SELECT   FOR ITEM=NODE COMPONENT=    
  IN RANGE         1 TO      37312 STEP          1

      37312  NODES (OF      37312  DEFINED) SELECTED BY NSEL  COMMAND.

 ALL SELECT   FOR ITEM=ELEM COMPONENT=    
  IN RANGE         1 TO      32245 STEP          1

      21657  ELEMENTS (OF      21657  DEFINED) SELECTED BY  ESEL  COMMAND.

 ALL SELECT   FOR ITEM=ELEM COMPONENT=    
  IN RANGE         1 TO      32245 STEP          1

      21657  ELEMENTS (OF      21657  DEFINED) SELECTED BY  ESEL  COMMAND.

 PRINTOUT RESUMED BY /GOP

 USE       1 SUBSTEPS INITIALLY THIS LOAD STEP FOR ALL  DEGREES OF FREEDOM
 FOR AUTOMATIC TIME STEPPING:
   USE      1 SUBSTEPS AS A MAXIMUM
   USE      1 SUBSTEPS AS A MINIMUM

 TIME=  1.0000    

 ERASE THE CURRENT DATABASE OUTPUT CONTROL TABLE.


 WRITE ALL  ITEMS TO THE DATABASE WITH A FREQUENCY OF NONE
   FOR ALL APPLICABLE ENTITIES

 WRITE NSOL ITEMS TO THE DATABASE WITH A FREQUENCY OF ALL 
   FOR ALL APPLICABLE ENTITIES

 WRITE RSOL ITEMS TO THE DATABASE WITH A FREQUENCY OF ALL 
   FOR ALL APPLICABLE ENTITIES

 WRITE EANG ITEMS TO THE DATABASE WITH A FREQUENCY OF ALL 
   FOR ALL APPLICABLE ENTITIES

 WRITE ETMP ITEMS TO THE DATABASE WITH A FREQUENCY OF ALL 
   FOR ALL APPLICABLE ENTITIES

 WRITE VENG ITEMS TO THE DATABASE WITH A FREQUENCY OF ALL 
   FOR ALL APPLICABLE ENTITIES

 WRITE STRS ITEMS TO THE DATABASE WITH A FREQUENCY OF ALL 
   FOR ALL APPLICABLE ENTITIES

 WRITE EPEL ITEMS TO THE DATABASE WITH A FREQUENCY OF ALL 
   FOR ALL APPLICABLE ENTITIES

 WRITE EPPL ITEMS TO THE DATABASE WITH A FREQUENCY OF ALL 
   FOR ALL APPLICABLE ENTITIES

 WRITE CONT ITEMS TO THE DATABASE WITH A FREQUENCY OF ALL 
   FOR ALL APPLICABLE ENTITIES

 *GET  ANSINTER_  FROM  ACTI  ITEM=INT        VALUE=  0.00000000    

 *IF  ANSINTER_  ( =   0.00000     )  NE  
      0  ( =   0.00000     )  THEN    

 *ENDIF

 *** NOTE ***                            CP =       1.141   TIME= 14:11:00
 The automatic domain decomposition logic has selected the MESH domain   
 decomposition method with 4 processes per solution.                     

 *****  MAPDL SOLVE    COMMAND  *****

 *** WARNING ***                         CP =       1.719   TIME= 14:11:00
 Element shape checking is currently inactive.  Issue SHPP,ON or         
 SHPP,WARN to reactivate, if desired.                                    

 *** NOTE ***                            CP =       1.781   TIME= 14:11:00
 The model data was checked and warning messages were found.             
  Please review output or errors file (                                  
 C:\Users\Evelyn\AppData\Local\Temp\WB_Evelyn_12996_2\_ProjectScratch\Sc 
 cr0036\file0.err ) for these warning messages.                          

 *** SELECTION OF ELEMENT TECHNOLOGIES FOR APPLICABLE ELEMENTS ***
      --- GIVE SUGGESTIONS AND RESET THE KEY OPTIONS ---

 ELEMENT TYPE         1 IS SOLID187. IT IS NOT ASSOCIATED WITH FULLY INCOMPRESSIBLE
 HYPERELASTIC MATERIALS. NO SUGGESTION IS AVAILABLE AND NO RESETTING IS NEEDED.



 *** MAPDL - ENGINEERING ANALYSIS SYSTEM  RELEASE 2025 R1          25.1     ***
 Ansys Mechanical Enterprise Academic Student      
 01055371  VERSION=WINDOWS x64   14:11:00  NOV 09, 2025 CP=      1.781

 wbnew--Static Structural (C5)                                                 



                       S O L U T I O N   O P T I O N S

   PROBLEM DIMENSIONALITY. . . . . . . . . . . . .3-D                  
   DEGREES OF FREEDOM. . . . . . UX   UY   UZ  
   ANALYSIS TYPE . . . . . . . . . . . . . . . . .STATIC (STEADY-STATE)
   OFFSET TEMPERATURE FROM ABSOLUTE ZERO . . . . .  273.15    
   EQUATION SOLVER OPTION. . . . . . . . . . . . .SPARSE             
   GLOBALLY ASSEMBLED MATRIX . . . . . . . . . . .SYMMETRIC  

 *** WARNING ***                         CP =       1.781   TIME= 14:11:00
 Material number 2 (used by element 30258) should normally have at least 
 one MP or one TB type command associated with it.  Output of energy by  
 material may not be available.                                          

 *** NOTE ***                            CP =       1.844   TIME= 14:11:00
 The step data was checked and warning messages were found.              
  Please review output or errors file (                                  
 C:\Users\Evelyn\AppData\Local\Temp\WB_Evelyn_12996_2\_ProjectScratch\Sc 
 cr0036\file0.err ) for these warning messages.                          

 *** NOTE ***                            CP =       1.844   TIME= 14:11:00
 The conditions for direct assembly have been met.  No .emat or .erot    
 files will be produced.                                                 

  
  
     D I S T R I B U T E D   D O M A I N   D E C O M P O S E R
  
  ...Number of elements: 21657
  ...Number of nodes:    37312
  ...Decompose to 4 CPU domains
  ...Element load balance ratio =     1.008


                      L O A D   S T E P   O P T I O N S

   LOAD STEP NUMBER. . . . . . . . . . . . . . . .     1
   TIME AT END OF THE LOAD STEP. . . . . . . . . .  1.0000    
   NUMBER OF SUBSTEPS. . . . . . . . . . . . . . .     1
   STEP CHANGE BOUNDARY CONDITIONS . . . . . . . .    NO
   PRINT OUTPUT CONTROLS . . . . . . . . . . . . .NO PRINTOUT
   DATABASE OUTPUT CONTROLS
      ITEM     FREQUENCY   COMPONENT
       ALL       NONE               
      NSOL        ALL               
      RSOL        ALL               
      EANG        ALL               
      ETMP        ALL               
      VENG        ALL               
      STRS        ALL               
      EPEL        ALL               
      EPPL        ALL               
      CONT        ALL               


 SOLUTION MONITORING INFO IS WRITTEN TO FILE= file.mntr                                                                                                                                                                                                                                                           



                         ***********  PRECISE MASS SUMMARY  ***********

   TOTAL RIGID BODY MASS MATRIX ABOUT ORIGIN
               Translational mass               |   Coupled translational/rotational mass
        0.99613E-03    0.0000        0.0000     |     0.0000      -0.22646E-06  -0.19309E-01
         0.0000       0.99613E-03    0.0000     |    0.22646E-06    0.0000       0.40135E-07
         0.0000        0.0000       0.99613E-03 |    0.19309E-01  -0.40135E-07    0.0000    
     ------------------------------------------ | ------------------------------------------
                                                |         Rotational mass (inertia)
                                                |     2.1762      -0.11013E-05  -0.45006E-05
                                                |   -0.11013E-05    2.5667       0.53274E-05
                                                |   -0.45006E-05   0.53274E-05    2.1762    

   TOTAL MASS = 0.99613E-03
     The mass principal axes coincide with the global Cartesian axes

   CENTER OF MASS (X,Y,Z)=   0.40291E-04    19.384      -0.22734E-03

   TOTAL INERTIA ABOUT CENTER OF MASS
         1.8019      -0.32333E-06  -0.45006E-05
       -0.32333E-06    2.5667       0.93780E-06
       -0.45006E-05   0.93780E-06    1.8019    
     The inertia principal axes coincide with the global Cartesian axes


  *** MASS SUMMARY BY ELEMENT TYPE ***

  TYPE      MASS
     1  0.996131E-03

 Range of element maximum matrix coefficients in global coordinates
 Maximum = 15031752.5 at element 15331.                                  
 Minimum = 47670.9746 at element 5326.                                   

   *** ELEMENT MATRIX FORMULATION TIMES
     TYPE    NUMBER   ENAME      TOTAL CP  AVE CP

        1     19669  SOLID187      1.062   0.000054
        2       994  SURF154       0.016   0.000016
        3       994  SURF154       0.016   0.000016
 Time at end of element matrix formulation CP = 2.984375.                

 DISTRIBUTED SPARSE MATRIX DIRECT SOLVER.
  Number of equations =      108387,    Maximum wavefront =    357


  Memory allocated on only this MPI rank (rank     0)
  -------------------------------------------------------------------
  Equation solver memory allocated                     =   103.760 MB
  Equation solver memory required for in-core mode     =    99.692 MB
  Equation solver memory required for out-of-core mode =    51.017 MB
  Total (solver and non-solver) memory allocated       =   616.049 MB


  Total memory summed across all MPI ranks on this machines
  -------------------------------------------------------------------
  Equation solver memory allocated                     =   420.318 MB
  Equation solver memory required for in-core mode     =   403.606 MB
  Equation solver memory required for out-of-core mode =   199.544 MB
  Total (solver and non-solver) memory allocated       =  1549.955 MB

 *** NOTE ***                            CP =       3.250   TIME= 14:11:01
 The Distributed Sparse Matrix Solver is currently running in the        
 in-core memory mode.  This memory mode uses the most amount of memory   
 in order to avoid using the hard drive as much as possible, which most  
 often results in the fastest solution time.  This mode is recommended   
 if enough physical memory is present to accommodate all of the solver   
 data.                                                                   
 curEqn=  26832  totEqn=  26832 Job CP sec=      3.500
      Factor Done= 100% Factor Wall sec=      0.164 rate=      19.2 GFlops
 Distributed sparse solver maximum pivot= 21707816.7 at node 21308 UZ.   
 Distributed sparse solver minimum pivot= 22246.9529 at node 1393 UZ.    
 Distributed sparse solver minimum pivot in absolute value= 22246.9529   
 at node 1393 UZ.                                                        

   *** ELEMENT RESULT CALCULATION TIMES
     TYPE    NUMBER   ENAME      TOTAL CP  AVE CP

        1     19669  SOLID187      0.594   0.000030
        2       994  SURF154       0.000   0.000000
        3       994  SURF154       0.031   0.000031

   *** NODAL LOAD CALCULATION TIMES
     TYPE    NUMBER   ENAME      TOTAL CP  AVE CP

        1     19669  SOLID187      0.141   0.000007
        2       994  SURF154       0.000   0.000000
        3       994  SURF154       0.000   0.000000
 *** LOAD STEP     1   SUBSTEP     1  COMPLETED.    CUM ITER =      1
 *** TIME =   1.00000         TIME INC =   1.00000      NEW TRIANG MATRIX


 *** MAPDL BINARY FILE STATISTICS
  BUFFER SIZE USED= 16384
       14.062 MB WRITTEN ON ASSEMBLED MATRIX FILE: file0.full
        3.812 MB WRITTEN ON RESULTS FILE: file0.rst
 *************** Write FE CONNECTORS *********

 WRITE OUT CONSTRAINT EQUATIONS TO FILE= file.ce                                                                                                                                                                                                                                                             
 ****************************************************
 *************** FINISHED SOLVE FOR LS 1 *************

 *GET  _WALLASOL  FROM  ACTI  ITEM=TIME WALL  VALUE=  14.1838889    

 PRINTOUT RESUMED BY /GOP

 FINISH SOLUTION PROCESSING


 ***** ROUTINE COMPLETED *****  CP =         4.328



 *** MAPDL - ENGINEERING ANALYSIS SYSTEM  RELEASE 2025 R1          25.1     ***
 Ansys Mechanical Enterprise Academic Student      
 01055371  VERSION=WINDOWS x64   14:11:02  NOV 09, 2025 CP=      4.391

 wbnew--Static Structural (C5)                                                 



          ***** MAPDL RESULTS INTERPRETATION (POST1) *****

 *** NOTE ***                            CP =       4.391   TIME= 14:11:02
 Reading results into the database (SET command) will update the current 
 displacement and force boundary conditions in the database with the     
 values from the results file for that load set.  Note that any          
 subsequent solutions will use these values unless action is taken to    
 either SAVE the current values or not overwrite them (/EXIT,NOSAVE).    

 Set Encoding of XML File to:ISO-8859-1

 Set Output of XML File to:
     PARM,     ,     ,     ,     ,     ,     ,     ,     ,     ,     ,     ,
         ,     ,     ,     ,     ,     ,     ,

 DATABASE WRITTEN ON FILE  parm.xml                                                                                                                                                                                                                                                            

 EXIT THE MAPDL POST1 DATABASE PROCESSOR


 ***** ROUTINE COMPLETED *****  CP =         4.391



 PRINTOUT RESUMED BY /GOP

 *GET  _WALLDONE  FROM  ACTI  ITEM=TIME WALL  VALUE=  14.1838889    

 PARAMETER _PREPTIME =     0.000000000    

 PARAMETER _SOLVTIME =     2.000000000    

 PARAMETER _POSTTIME =     0.000000000    

 PARAMETER _TOTALTIM =     2.000000000    

 *GET  _DLBRATIO  FROM  ACTI  ITEM=SOLU DLBR  VALUE=  1.00794237    

 *GET  _COMBTIME  FROM  ACTI  ITEM=SOLU COMB  VALUE= 0.628960000E-01

 *GET  _SSMODE   FROM  ACTI  ITEM=SOLU SSMM  VALUE=  2.00000000    

 *GET  _NDOFS    FROM  ACTI  ITEM=SOLU NDOF  VALUE=  108387.000    

 *GET  _SOL_END_TIME  FROM  ACTI  ITEM=SET  TIME  VALUE=  1.00000000    

 *IF  _sol_end_time  ( =   1.00000     )  EQ  
      1.000000  ( =   1.00000     )  THEN    

 /FCLEAN COMMAND REMOVING ALL LOCAL FILES

 *ENDIF
 --- Total number of nodes = 37312
 --- Total number of elements = 21657
 --- Element load balance ratio = 1.00794237
 --- Time to combine distributed files = 6.2896E-02
 --- Sparse memory mode = 2
 --- Number of DOF = 108387

 EXIT MAPDL WITHOUT SAVING DATABASE


 NUMBER OF WARNING MESSAGES ENCOUNTERED=          2
 NUMBER OF ERROR   MESSAGES ENCOUNTERED=          0

+--------------------- M A P D L   S T A T I S T I C S ------------------------+

Release: 2025 R1            Build: 25.1       Update: UP20241202   Platform: WINDOWS x64 
Date Run: 11/09/2025   Time: 14:11     Process ID: 7968
Operating System: Windows 10  (Build: 19045)

Processor Model: AMD Ryzen 7 3800X 8-Core Processor

Compiler: Intel(R) Fortran Compiler Classic Version 2021.9  (Build: 20230302)
          Intel(R) C/C++ Compiler Classic Version 2021.9  (Build: 20230302)
          AOCL-BLAS 4.2.1 Build 20240528

Number of machines requested            :    1
Total number of cores available         :   16
Number of physical cores available      :    8
Number of processes requested           :    4
Number of threads per process requested :    1
Total number of cores requested         :    4 (Distributed Memory Parallel)               
MPI Type: INTELMPI
MPI Version: Intel(R) MPI Library 2021.13 for Windows* OS


GPU Acceleration: Not Requested

Job Name: file0
Input File: dummy.dat

  Core                Machine Name   Working Directory
 -----------------------------------------------------
     0             DESKTOP-7RJ9UME   C:\Users\Evelyn\AppData\Local\Temp\WB_Evelyn_12996_2\_ProjectScratch\Scr0036
     1             DESKTOP-7RJ9UME   C:\Users\Evelyn\AppData\Local\Temp\WB_Evelyn_12996_2\_ProjectScratch\Scr0036
     2             DESKTOP-7RJ9UME   C:\Users\Evelyn\AppData\Local\Temp\WB_Evelyn_12996_2\_ProjectScratch\Scr0036
     3             DESKTOP-7RJ9UME   C:\Users\Evelyn\AppData\Local\Temp\WB_Evelyn_12996_2\_ProjectScratch\Scr0036
 
Latency time from master to core     1 =    1.952 microseconds
Latency time from master to core     2 =    2.033 microseconds
Latency time from master to core     3 =    1.997 microseconds
 
Communication speed from master to core     1 =  7247.95 MB/sec
Communication speed from master to core     2 =  6095.42 MB/sec
Communication speed from master to core     3 =  6206.22 MB/sec

Total CPU time for main thread                    :        2.0 seconds
Total CPU time summed for all threads             :        4.8 seconds

Elapsed time spent obtaining a license            :        0.5 seconds
Elapsed time spent pre-processing model (/PREP7)  :        0.1 seconds
Elapsed time spent solution - preprocessing       :        0.2 seconds
Elapsed time spent computing solution             :        1.0 seconds
Elapsed time spent solution - postprocessing      :        0.1 seconds
Elapsed time spent post-processing model (/POST1) :        0.0 seconds
 
Equation solver used                              :            Sparse (symmetric)
Equation solver computational rate                :       76.1 Gflops
Equation solver effective I/O rate                :       24.6 GB/sec

Sum of disk space used on all processes           :       89.6 MB

Sum of memory used on all processes               :      598.0 MB
Sum of memory allocated on all processes          :     2976.0 MB
Physical memory available                         :         32 GB
Total amount of I/O written to disk               :        0.0 GB
Total amount of I/O read from disk                :        0.0 GB

+------------------ E N D   M A P D L   S T A T I S T I C S -------------------+


 *-----------------------------------------------------------------------------*
 |                                                                             |
 |                               RUN COMPLETED                                 |
 |                                                                             |
 |-----------------------------------------------------------------------------|
 |                                                                             |
 |  Ansys MAPDL 2025 R1         Build 25.1         UP20241202    WINDOWS x64   |
 |                                                                             |
 |-----------------------------------------------------------------------------|
 |                                                                             |
 |  Database Requested(-db)     1024 MB     Scratch Memory Requested   1024 MB |
 |  Max Database Used(Master)     27 MB     Max Scratch Used(Master)    149 MB |
 |  Max Database Used(Workers)     1 MB     Max Scratch Used(Workers)   147 MB |
 |  Sum Database Used(All)        30 MB     Sum Scratch Used(All)       568 MB |
 |                                                                             |
 |-----------------------------------------------------------------------------|
 |                                                                             |
 |        CP Time      (sec) =          4.812       Time  =  14:11:02          |
 |        Elapsed Time (sec) =          4.000       Date  =  11/09/2025        |
 |                                                                             |
 *-----------------------------------------------------------------------------*
